<?xml version="1.0" encoding="UTF-8"?>
<!-- Generated by org.testng.reporters.JUnitReportReporter -->
<testsuite hostname="Asusf15" failures="0" tests="1" name="com.LUMA.testRunner.LumaAddingMultipleProductsTestRunner" time="40.846" errors="0" timestamp="2025-03-23T18:14:36 IST" skipped="0">
  <testcase classname="com.LUMA.testRunner.LumaAddingMultipleProductsTestRunner" name="runScenario" time="40.846"/>
</testsuite> <!-- com.LUMA.testRunner.LumaAddingMultipleProductsTestRunner -->
