<?xml version="1.0" encoding="UTF-8"?>
<!-- Generated by org.testng.reporters.JUnitReportReporter -->
<testsuite hostname="Asusf15" failures="0" tests="1" name="com.LUMA.testRunner.LumaLoginTestRunner" time="36.718" errors="0" timestamp="2025-03-23T18:03:13 IST" skipped="0">
  <testcase classname="com.LUMA.testRunner.LumaLoginTestRunner" name="runScenario" time="36.718"/>
</testsuite> <!-- com.LUMA.testRunner.LumaLoginTestRunner -->
