<?xml version="1.0" encoding="UTF-8"?>
<!-- Generated by org.testng.reporters.JUnitReportReporter -->
<testsuite hostname="Asusf15" failures="0" tests="5" name="com.LUMA.testRunner.LumaUserRegestrationTestRunner" time="96.493" errors="0" timestamp="2025-03-24T11:25:32 IST" skipped="0">
  <testcase classname="com.LUMA.testRunner.LumaUserRegestrationTestRunner" name="runScenario" time="11.571"/>
  <testcase classname="com.LUMA.testRunner.LumaUserRegestrationTestRunner" name="runScenario" time="17.608"/>
  <testcase classname="com.LUMA.testRunner.LumaUserRegestrationTestRunner" name="runScenario" time="11.200"/>
  <testcase classname="com.LUMA.testRunner.LumaUserRegestrationTestRunner" name="runScenario" time="39.174"/>
  <testcase classname="com.LUMA.testRunner.LumaUserRegestrationTestRunner" name="runScenario" time="16.940"/>
</testsuite> <!-- com.LUMA.testRunner.LumaUserRegestrationTestRunner -->
